<?xml version="1.0" encoding="UTF-8"?>
<!-- Generated by org.testng.reporters.JUnitReportReporter -->
<testsuite hostname="DESKTOP-L74G382" failures="0" tests="3" name="com.opencartAutomation.AddCustomer" time="10.181" errors="0" timestamp="2023-09-26T11:10:14 IST" skipped="0">
  <testcase classname="com.opencartAutomation.AddCustomer" name="login" time="1.631"/>
  <testcase classname="com.opencartAutomation.AddCustomer" name="launchBrowser" time="4.960"/>
  <testcase classname="com.opencartAutomation.AddCustomer" name="addNewCustomer" time="3.590"/>
</testsuite> <!-- com.opencartAutomation.AddCustomer -->
