<?xml version="1.0" encoding="UTF-8"?>
<!-- Generated by org.testng.reporters.JUnitReportReporter -->
<testsuite hostname="DESKTOP-L74G382" failures="0" tests="3" name="com.opencartAutomation.AddNewAccount" time="12.979" errors="0" timestamp="2023-09-26T18:47:14 IST" skipped="0">
  <testcase classname="com.opencartAutomation.AddNewAccount" name="addNewAccount" time="7.310"/>
  <testcase classname="com.opencartAutomation.AddNewAccount" name="login" time="1.523"/>
  <testcase classname="com.opencartAutomation.AddNewAccount" name="launchBrowser" time="4.146"/>
</testsuite> <!-- com.opencartAutomation.AddNewAccount -->
