<?xml version="1.0" encoding="UTF-8"?>
<!-- Generated by org.testng.reporters.JUnitReportReporter -->
<testsuite hostname="DESKTOP-L74G382" failures="0" tests="3" name="com.opencartAutomation.EditCustomer" time="26.581" errors="0" timestamp="2023-09-26T17:18:40 IST" skipped="0">
  <testcase classname="com.opencartAutomation.EditCustomer" name="launchBrowser" time="11.661"/>
  <testcase classname="com.opencartAutomation.EditCustomer" name="editCustomer" time="12.064"/>
  <testcase classname="com.opencartAutomation.EditCustomer" name="login" time="2.856"/>
</testsuite> <!-- com.opencartAutomation.EditCustomer -->
