<?xml version="1.0" encoding="UTF-8"?>
<!-- Generated by org.testng.reporters.JUnitReportReporter -->
<testsuite hostname="DESKTOP-L74G382" failures="0" tests="2" name="com.opencartAutomation.DeleteCustomer" time="8.065" errors="0" timestamp="2023-09-26T22:17:10 IST" skipped="0">
  <testcase classname="com.opencartAutomation.DeleteCustomer" name="launchBrowser" time="5.881"/>
  <testcase classname="com.opencartAutomation.DeleteCustomer" name="login" time="2.184"/>
</testsuite> <!-- com.opencartAutomation.DeleteCustomer -->
