<?xml version="1.0" encoding="UTF-8"?>
<!-- Generated by org.testng.reporters.JUnitReportReporter -->
<testsuite hostname="DESKTOP-L74G382" failures="0" tests="2" name="com.opencartAutomation.Register" time="6.363" errors="0" timestamp="2023-09-22T21:47:28 IST" skipped="0">
  <testcase classname="com.opencartAutomation.Register" name="register" time="5.291"/>
  <testcase classname="com.opencartAutomation.Register" name="launchBrowser" time="1.072"/>
</testsuite> <!-- com.opencartAutomation.Register -->
