<?xml version="1.0" encoding="UTF-8"?>
<!-- Generated by org.testng.reporters.JUnitReportReporter -->
<testsuite hostname="DESKTOP-L74G382" failures="0" tests="3" name="com.opencartAutomation.DeleteAccount" time="6.950" errors="0" timestamp="2023-09-26T22:26:54 IST" skipped="0">
  <testcase classname="com.opencartAutomation.DeleteAccount" name="launchBrowser" time="3.837"/>
  <testcase classname="com.opencartAutomation.DeleteAccount" name="deleteAccount" time="1.078"/>
  <testcase classname="com.opencartAutomation.DeleteAccount" name="login" time="2.035"/>
</testsuite> <!-- com.opencartAutomation.DeleteAccount -->
