<?xml version="1.0" encoding="UTF-8"?>
<!-- Generated by org.testng.reporters.JUnitReportReporter -->
<testsuite hostname="DESKTOP-L74G382" failures="0" tests="3" name="com.opencartAutomation.EditAccount" time="12.211" errors="0" timestamp="2023-09-26T22:14:47 IST" skipped="0">
  <testcase classname="com.opencartAutomation.EditAccount" name="login" time="2.152"/>
  <testcase classname="com.opencartAutomation.EditAccount" name="launchBrowser" time="5.547"/>
  <testcase classname="com.opencartAutomation.EditAccount" name="editAccount" time="4.512"/>
</testsuite> <!-- com.opencartAutomation.EditAccount -->
