<?xml version="1.0" encoding="UTF-8"?>
<!-- Generated by org.testng.reporters.JUnitReportReporter -->
<testsuite hostname="DESKTOP-L74G382" failures="0" tests="3" name="com.opencartAutomation.Login" time="4.992" errors="0" timestamp="2023-09-26T15:28:08 IST" skipped="0">
  <testcase classname="com.opencartAutomation.Login" name="launchBrowser" time="3.504"/>
  <testcase classname="com.opencartAutomation.Login" name="verifyLogin" time="0.013"/>
  <testcase classname="com.opencartAutomation.Login" name="login" time="1.475"/>
</testsuite> <!-- com.opencartAutomation.Login -->
